<?xml version="1.0" encoding="UTF-8"?>
<coverage generated="1729994113984" clover="3.2.0">
  <project timestamp="1729994113984" name="All files">
    <metrics statements="16" coveredstatements="15" conditionals="5" coveredconditionals="5" methods="15" coveredmethods="15" elements="36" coveredelements="35" complexity="0" loc="16" ncloc="16" packages="1" files="2" classes="2"/>
    <file name="binary-tree.js" path="/home/strongrad/Unit37/dsa-trees/binary-tree.js">
      <metrics statements="5" coveredstatements="5" conditionals="3" coveredconditionals="3" methods="10" coveredmethods="10"/>
      <line num="5" count="237" type="stmt"/>
      <line num="6" count="237" type="stmt"/>
      <line num="7" count="237" type="stmt"/>
      <line num="13" count="65" type="stmt"/>
      <line num="75" count="1" type="stmt"/>
    </file>
    <file name="tree.js" path="/home/strongrad/Unit37/dsa-trees/tree.js">
      <metrics statements="11" coveredstatements="10" conditionals="2" coveredconditionals="2" methods="5" coveredmethods="5"/>
      <line num="5" count="90" type="stmt"/>
      <line num="6" count="90" type="stmt"/>
      <line num="12" count="27" type="stmt"/>
      <line num="18" count="3" type="stmt"/>
      <line num="19" count="3" type="stmt"/>
      <line num="20" count="3" type="stmt"/>
      <line num="21" count="3" type="stmt"/>
      <line num="22" count="3" type="stmt"/>
      <line num="23" count="3" type="stmt"/>
      <line num="24" count="0" type="stmt"/>
      <line num="43" count="1" type="stmt"/>
    </file>
  </project>
</coverage>
