{"/home/strongrad/Unit37/dsa-trees/binary-tree.js": {"path":"/home/strongrad/Unit37/dsa-trees/binary-tree.js","statementMap":{"0":{"start":{"line":5,"column":4},"end":{"line":5,"column":19}},"1":{"start":{"line":6,"column":4},"end":{"line":6,"column":21}},"2":{"start":{"line":7,"column":4},"end":{"line":7,"column":23}},"3":{"start":{"line":13,"column":4},"end":{"line":13,"column":21}},"4":{"start":{"line":75,"column":0},"end":{"line":75,"column":48}}},"fnMap":{"0":{"name":"(anonymous_0)","decl":{"start":{"line":4,"column":2},"end":{"line":4,"column":3}},"loc":{"start":{"line":4,"column":46},"end":{"line":8,"column":3}},"line":4},"1":{"name":"(anonymous_1)","decl":{"start":{"line":12,"column":2},"end":{"line":12,"column":3}},"loc":{"start":{"line":12,"column":27},"end":{"line":14,"column":3}},"line":12},"2":{"name":"(anonymous_2)","decl":{"start":{"line":19,"column":2},"end":{"line":19,"column":3}},"loc":{"start":{"line":19,"column":13},"end":{"line":21,"column":3}},"line":19},"3":{"name":"(anonymous_3)","decl":{"start":{"line":26,"column":2},"end":{"line":26,"column":3}},"loc":{"start":{"line":26,"column":13},"end":{"line":28,"column":3}},"line":26},"4":{"name":"(anonymous_4)","decl":{"start":{"line":33,"column":2},"end":{"line":33,"column":3}},"loc":{"start":{"line":33,"column":11},"end":{"line":35,"column":3}},"line":33},"5":{"name":"(anonymous_5)","decl":{"start":{"line":40,"column":2},"end":{"line":40,"column":3}},"loc":{"start":{"line":40,"column":25},"end":{"line":42,"column":3}},"line":40},"6":{"name":"(anonymous_6)","decl":{"start":{"line":48,"column":2},"end":{"line":48,"column":3}},"loc":{"start":{"line":48,"column":27},"end":{"line":50,"column":3}},"line":48},"7":{"name":"(anonymous_7)","decl":{"start":{"line":55,"column":2},"end":{"line":55,"column":3}},"loc":{"start":{"line":55,"column":21},"end":{"line":57,"column":3}},"line":55},"8":{"name":"(anonymous_8)","decl":{"start":{"line":62,"column":2},"end":{"line":62,"column":3}},"loc":{"start":{"line":62,"column":23},"end":{"line":64,"column":3}},"line":62},"9":{"name":"(anonymous_9)","decl":{"start":{"line":70,"column":2},"end":{"line":70,"column":3}},"loc":{"start":{"line":70,"column":37},"end":{"line":72,"column":3}},"line":70}},"branchMap":{"0":{"loc":{"start":{"line":4,"column":19},"end":{"line":4,"column":30}},"type":"default-arg","locations":[{"start":{"line":4,"column":26},"end":{"line":4,"column":30}}],"line":4},"1":{"loc":{"start":{"line":4,"column":32},"end":{"line":4,"column":44}},"type":"default-arg","locations":[{"start":{"line":4,"column":40},"end":{"line":4,"column":44}}],"line":4},"2":{"loc":{"start":{"line":12,"column":14},"end":{"line":12,"column":25}},"type":"default-arg","locations":[{"start":{"line":12,"column":21},"end":{"line":12,"column":25}}],"line":12}},"s":{"0":237,"1":237,"2":237,"3":65,"4":1},"f":{"0":237,"1":65,"2":3,"3":3,"4":4,"5":3,"6":1,"7":4,"8":3,"9":1},"b":{"0":[155],"1":[156],"2":[19]},"_coverageSchema":"1a1c01bbd47fc00a2c39e90264f33305004495a9","hash":"853ce577522ab0ef2d193c734e8dbdc4ca61d287"}
,"/home/strongrad/Unit37/dsa-trees/tree.js": {"path":"/home/strongrad/Unit37/dsa-trees/tree.js","statementMap":{"0":{"start":{"line":5,"column":4},"end":{"line":5,"column":19}},"1":{"start":{"line":6,"column":4},"end":{"line":6,"column":29}},"2":{"start":{"line":12,"column":4},"end":{"line":12,"column":21}},"3":{"start":{"line":18,"column":14},"end":{"line":18,"column":15}},"4":{"start":{"line":19,"column":25},"end":{"line":19,"column":31}},"5":{"start":{"line":20,"column":4},"end":{"line":26,"column":5}},"6":{"start":{"line":21,"column":22},"end":{"line":21,"column":42}},"7":{"start":{"line":22,"column":6},"end":{"line":22,"column":25}},"8":{"start":{"line":23,"column":6},"end":{"line":25,"column":7}},"9":{"start":{"line":24,"column":8},"end":{"line":24,"column":33}},"10":{"start":{"line":43,"column":0},"end":{"line":43,"column":36}}},"fnMap":{"0":{"name":"(anonymous_0)","decl":{"start":{"line":4,"column":2},"end":{"line":4,"column":3}},"loc":{"start":{"line":4,"column":34},"end":{"line":7,"column":3}},"line":4},"1":{"name":"(anonymous_1)","decl":{"start":{"line":11,"column":2},"end":{"line":11,"column":3}},"loc":{"start":{"line":11,"column":27},"end":{"line":13,"column":3}},"line":11},"2":{"name":"(anonymous_2)","decl":{"start":{"line":17,"column":2},"end":{"line":17,"column":3}},"loc":{"start":{"line":17,"column":14},"end":{"line":27,"column":3}},"line":17},"3":{"name":"(anonymous_3)","decl":{"start":{"line":31,"column":2},"end":{"line":31,"column":3}},"loc":{"start":{"line":31,"column":15},"end":{"line":33,"column":3}},"line":31},"4":{"name":"(anonymous_4)","decl":{"start":{"line":38,"column":2},"end":{"line":38,"column":3}},"loc":{"start":{"line":38,"column":25},"end":{"line":40,"column":3}},"line":38}},"branchMap":{"0":{"loc":{"start":{"line":4,"column":19},"end":{"line":4,"column":32}},"type":"default-arg","locations":[{"start":{"line":4,"column":30},"end":{"line":4,"column":32}}],"line":4},"1":{"loc":{"start":{"line":11,"column":14},"end":{"line":11,"column":25}},"type":"default-arg","locations":[{"start":{"line":11,"column":21},"end":{"line":11,"column":25}}],"line":11}},"s":{"0":90,"1":90,"2":27,"3":3,"4":3,"5":3,"6":3,"7":3,"8":3,"9":0,"10":1},"f":{"0":90,"1":27,"2":3,"3":3,"4":3},"b":{"0":[90],"1":[9]},"_coverageSchema":"1a1c01bbd47fc00a2c39e90264f33305004495a9","hash":"3557a50c5c95339cb7f1adcd75f82184b0f7acb2"}
}
